<?xml version="1.0" encoding="UTF-8"?>
<!-- Generated by org.testng.reporters.JUnitXMLReporter -->
<testsuite ignored="0" hostname="HP14S" failures="0" tests="8" name="Checkout_AllTests" time="127.56" errors="0" timestamp="2026-06-24T12:06:18 IST">
  <testcase classname="com.saucedemo.automation.tests.CheckoutTests" name="testCheckoutFunctionality" time="2.837"/>
  <testcase classname="com.saucedemo.automation.tests.CheckoutTests" name="testCheckoutFunctionality" time="1.735"/>
  <testcase classname="com.saucedemo.automation.tests.CheckoutTests" name="testCheckoutFunctionality" time="1.617"/>
  <testcase classname="com.saucedemo.automation.tests.CheckoutTests" name="testCheckoutFunctionality" time="1.669"/>
  <testcase classname="com.saucedemo.automation.tests.CheckoutTests" name="testCheckoutFunctionality" time="1.453"/>
  <testcase classname="com.saucedemo.automation.tests.CheckoutTests" name="testCheckoutFunctionality" time="1.695"/>
  <testcase classname="com.saucedemo.automation.tests.CheckoutTests" name="testCheckoutFunctionality" time="1.7"/>
  <testcase classname="com.saucedemo.automation.tests.CheckoutTests" name="testCheckoutFunctionality" time="1.62"/>
</testsuite> <!-- Checkout_AllTests -->
