<?xml version="1.0" encoding="UTF-8"?>
<testng-results ignored="0" total="8" passed="8" failed="0" skipped="0">
  <reporter-output>
    <line>
      <![CDATA[<h2 style='color:#1e90ff;'>Test Suite: Checkout_AllTests</h2>]]>
    </line>
    <line>
      <![CDATA[<div style='margin:5px 0; padding:5px; background-color:#f0f8ff; border-left:3px solid #1e90ff;'><b>Test Data:</b><br/><table border='1' cellpadding='3' cellspacing='0' style='border-collapse:collapse; font-size:13px;'><tr style='background-color:#1e90ff; color:white;'><th>Field</th><th>Value</th></tr><tr><td>ExpectedResult</td><td>SUCCESS</td></tr><tr><td>Description</td><td>Complete checkout with valid data</td></tr><tr><td>TestCase</td><td>TC1</td></tr><tr><td>Username</td><td>standard_user</td></tr><tr><td>FirstName</td><td>Mugunthan</td></tr><tr><td>ProductIndex</td><td>0</td></tr><tr><td>PostalCode</td><td>632007</td></tr><tr><td>LastName</td><td>N</td></tr><tr><td>ErrorMessage</td><td></td></tr><tr><td>Password</td><td>secret_sauce</td></tr></table></div>]]>
    </line>
    <line>
      <![CDATA[<div style='margin:5px 0; padding:5px; background-color:#28a74520; border-left:3px solid #28a745;'><b>Status: <span style='color:#28a745;'>PASSED</span></b> | Duration: 2837 ms</div>]]>
    </line>
    <line>
      <![CDATA[<div style='margin:5px 0; padding:5px; background-color:#f0f8ff; border-left:3px solid #1e90ff;'><b>Test Data:</b><br/><table border='1' cellpadding='3' cellspacing='0' style='border-collapse:collapse; font-size:13px;'><tr style='background-color:#1e90ff; color:white;'><th>Field</th><th>Value</th></tr><tr><td>ExpectedResult</td><td>FAILURE</td></tr><tr><td>Description</td><td>Checkout without first name</td></tr><tr><td>TestCase</td><td>TC2</td></tr><tr><td>Username</td><td>standard_user</td></tr><tr><td>FirstName</td><td></td></tr><tr><td>ProductIndex</td><td>0</td></tr><tr><td>PostalCode</td><td>632007</td></tr><tr><td>LastName</td><td>N</td></tr><tr><td>ErrorMessage</td><td>Error: First Name is required</td></tr><tr><td>Password</td><td>secret_sauce</td></tr></table></div>]]>
    </line>
    <line>
      <![CDATA[<div style='margin:5px 0; padding:5px; background-color:#28a74520; border-left:3px solid #28a745;'><b>Status: <span style='color:#28a745;'>PASSED</span></b> | Duration: 1735 ms</div>]]>
    </line>
    <line>
      <![CDATA[<div style='margin:5px 0; padding:5px; background-color:#f0f8ff; border-left:3px solid #1e90ff;'><b>Test Data:</b><br/><table border='1' cellpadding='3' cellspacing='0' style='border-collapse:collapse; font-size:13px;'><tr style='background-color:#1e90ff; color:white;'><th>Field</th><th>Value</th></tr><tr><td>ExpectedResult</td><td>FAILURE</td></tr><tr><td>Description</td><td>Checkout without last name</td></tr><tr><td>TestCase</td><td>TC3</td></tr><tr><td>Username</td><td>standard_user</td></tr><tr><td>FirstName</td><td>Mugunthan</td></tr><tr><td>ProductIndex</td><td>0</td></tr><tr><td>PostalCode</td><td>632007</td></tr><tr><td>LastName</td><td></td></tr><tr><td>ErrorMessage</td><td>Error: Last Name is required</td></tr><tr><td>Password</td><td>secret_sauce</td></tr></table></div>]]>
    </line>
    <line>
      <![CDATA[<div style='margin:5px 0; padding:5px; background-color:#28a74520; border-left:3px solid #28a745;'><b>Status: <span style='color:#28a745;'>PASSED</span></b> | Duration: 1617 ms</div>]]>
    </line>
    <line>
      <![CDATA[<div style='margin:5px 0; padding:5px; background-color:#f0f8ff; border-left:3px solid #1e90ff;'><b>Test Data:</b><br/><table border='1' cellpadding='3' cellspacing='0' style='border-collapse:collapse; font-size:13px;'><tr style='background-color:#1e90ff; color:white;'><th>Field</th><th>Value</th></tr><tr><td>ExpectedResult</td><td>FAILURE</td></tr><tr><td>Description</td><td>Checkout without postal code</td></tr><tr><td>TestCase</td><td>TC4</td></tr><tr><td>Username</td><td>standard_user</td></tr><tr><td>FirstName</td><td>Mugunthan</td></tr><tr><td>ProductIndex</td><td>0</td></tr><tr><td>PostalCode</td><td></td></tr><tr><td>LastName</td><td>Doe</td></tr><tr><td>ErrorMessage</td><td>Error: Postal Code is required</td></tr><tr><td>Password</td><td>secret_sauce</td></tr></table></div>]]>
    </line>
    <line>
      <![CDATA[<div style='margin:5px 0; padding:5px; background-color:#28a74520; border-left:3px solid #28a745;'><b>Status: <span style='color:#28a745;'>PASSED</span></b> | Duration: 1669 ms</div>]]>
    </line>
    <line>
      <![CDATA[<div style='margin:5px 0; padding:5px; background-color:#f0f8ff; border-left:3px solid #1e90ff;'><b>Test Data:</b><br/><table border='1' cellpadding='3' cellspacing='0' style='border-collapse:collapse; font-size:13px;'><tr style='background-color:#1e90ff; color:white;'><th>Field</th><th>Value</th></tr><tr><td>ExpectedResult</td><td>FAILURE</td></tr><tr><td>Description</td><td>Checkout with all empty fields</td></tr><tr><td>TestCase</td><td>TC5</td></tr><tr><td>Username</td><td>standard_user</td></tr><tr><td>FirstName</td><td></td></tr><tr><td>ProductIndex</td><td>0</td></tr><tr><td>PostalCode</td><td></td></tr><tr><td>LastName</td><td></td></tr><tr><td>ErrorMessage</td><td>Error: First Name is required</td></tr><tr><td>Password</td><td>secret_sauce</td></tr></table></div>]]>
    </line>
    <line>
      <![CDATA[<div style='margin:5px 0; padding:5px; background-color:#28a74520; border-left:3px solid #28a745;'><b>Status: <span style='color:#28a745;'>PASSED</span></b> | Duration: 1453 ms</div>]]>
    </line>
    <line>
      <![CDATA[<div style='margin:5px 0; padding:5px; background-color:#f0f8ff; border-left:3px solid #1e90ff;'><b>Test Data:</b><br/><table border='1' cellpadding='3' cellspacing='0' style='border-collapse:collapse; font-size:13px;'><tr style='background-color:#1e90ff; color:white;'><th>Field</th><th>Value</th></tr><tr><td>ExpectedResult</td><td>SUCCESS</td></tr><tr><td>Description</td><td>Checkout with multiple items</td></tr><tr><td>TestCase</td><td>TC6</td></tr><tr><td>Username</td><td>standard_user</td></tr><tr><td>FirstName</td><td>Abraham Benjamin</td></tr><tr><td>ProductIndex</td><td>0,1</td></tr><tr><td>PostalCode</td><td>632007</td></tr><tr><td>LastName</td><td>Devillers</td></tr><tr><td>ErrorMessage</td><td></td></tr><tr><td>Password</td><td>secret_sauce</td></tr></table></div>]]>
    </line>
    <line>
      <![CDATA[<div style='margin:5px 0; padding:5px; background-color:#28a74520; border-left:3px solid #28a745;'><b>Status: <span style='color:#28a745;'>PASSED</span></b> | Duration: 1695 ms</div>]]>
    </line>
    <line>
      <![CDATA[<div style='margin:5px 0; padding:5px; background-color:#f0f8ff; border-left:3px solid #1e90ff;'><b>Test Data:</b><br/><table border='1' cellpadding='3' cellspacing='0' style='border-collapse:collapse; font-size:13px;'><tr style='background-color:#1e90ff; color:white;'><th>Field</th><th>Value</th></tr><tr><td>ExpectedResult</td><td>SUCCESS</td></tr><tr><td>Description</td><td>Checkout with numeric postal code</td></tr><tr><td>TestCase</td><td>TC7</td></tr><tr><td>Username</td><td>standard_user</td></tr><tr><td>FirstName</td><td>Virat</td></tr><tr><td>ProductIndex</td><td>0</td></tr><tr><td>PostalCode</td><td>632007</td></tr><tr><td>LastName</td><td>Kohli</td></tr><tr><td>ErrorMessage</td><td></td></tr><tr><td>Password</td><td>secret_sauce</td></tr></table></div>]]>
    </line>
    <line>
      <![CDATA[<div style='margin:5px 0; padding:5px; background-color:#28a74520; border-left:3px solid #28a745;'><b>Status: <span style='color:#28a745;'>PASSED</span></b> | Duration: 1700 ms</div>]]>
    </line>
    <line>
      <![CDATA[<div style='margin:5px 0; padding:5px; background-color:#f0f8ff; border-left:3px solid #1e90ff;'><b>Test Data:</b><br/><table border='1' cellpadding='3' cellspacing='0' style='border-collapse:collapse; font-size:13px;'><tr style='background-color:#1e90ff; color:white;'><th>Field</th><th>Value</th></tr><tr><td>ExpectedResult</td><td>SUCCESS</td></tr><tr><td>Description</td><td>Checkout with alphanumeric postal code</td></tr><tr><td>TestCase</td><td>TC8</td></tr><tr><td>Username</td><td>standard_user</td></tr><tr><td>FirstName</td><td>Chris</td></tr><tr><td>ProductIndex</td><td>0</td></tr><tr><td>PostalCode</td><td>VLR007</td></tr><tr><td>LastName</td><td>Gayle</td></tr><tr><td>ErrorMessage</td><td></td></tr><tr><td>Password</td><td>secret_sauce</td></tr></table></div>]]>
    </line>
    <line>
      <![CDATA[<div style='margin:5px 0; padding:5px; background-color:#28a74520; border-left:3px solid #28a745;'><b>Status: <span style='color:#28a745;'>PASSED</span></b> | Duration: 1620 ms</div>]]>
    </line>
  </reporter-output>
  <suite started-at="2026-06-24T12:04:11 IST" name="SauceDemo Automation Suite" finished-at="2026-06-24T12:06:18 IST" duration-ms="127560">
    <groups>
    </groups>
    <test started-at="2026-06-24T12:04:11 IST" name="Checkout_AllTests" finished-at="2026-06-24T12:06:18 IST" duration-ms="127560">
      <class name="com.saucedemo.automation.tests.CheckoutTests">
        <test-method is-config="true" signature="setUp()[pri:0, instance:com.saucedemo.automation.tests.CheckoutTests@710636b0]" started-at="2026-06-24T12:04:11 IST" name="setUp" finished-at="2026-06-24T12:04:18 IST" duration-ms="7224" status="PASS">
          <reporter-output>
          </reporter-output>
        </test-method> <!-- setUp -->
        <test-method is-config="true" signature="loginAndSetupCart([Ljava.lang.Object;)[pri:0, instance:com.saucedemo.automation.tests.CheckoutTests@710636b0]" started-at="2026-06-24T12:04:19 IST" name="loginAndSetupCart" finished-at="2026-06-24T12:04:23 IST" duration-ms="3660" status="PASS">
          <params>
            <param index="0">
              <value>
                <![CDATA[[Ljava.lang.Object;@74bfdd66]]>
              </value>
            </param>
          </params>
          <reporter-output>
          </reporter-output>
        </test-method> <!-- loginAndSetupCart -->
        <test-method signature="testCheckoutFunctionality(java.util.Map)[pri:0, instance:com.saucedemo.automation.tests.CheckoutTests@710636b0]" started-at="2026-06-24T12:04:23 IST" name="testCheckoutFunctionality" description="Data-driven checkout test from Excel" data-provider="checkoutDataProvider" finished-at="2026-06-24T12:04:26 IST" duration-ms="2837" status="PASS">
          <params>
            <param index="0">
              <value>
                <![CDATA[{ExpectedResult=SUCCESS, Description=Complete checkout with valid data, TestCase=TC1, Username=standard_user, FirstName=Mugunthan, ProductIndex=0, PostalCode=632007, LastName=N, ErrorMessage=, Password=secret_sauce}]]>
              </value>
            </param>
          </params>
          <reporter-output>
            <line>
              <![CDATA[<div style='margin:5px 0; padding:5px; background-color:#f0f8ff; border-left:3px solid #1e90ff;'><b>Test Data:</b><br/><table border='1' cellpadding='3' cellspacing='0' style='border-collapse:collapse; font-size:13px;'><tr style='background-color:#1e90ff; color:white;'><th>Field</th><th>Value</th></tr><tr><td>ExpectedResult</td><td>SUCCESS</td></tr><tr><td>Description</td><td>Complete checkout with valid data</td></tr><tr><td>TestCase</td><td>TC1</td></tr><tr><td>Username</td><td>standard_user</td></tr><tr><td>FirstName</td><td>Mugunthan</td></tr><tr><td>ProductIndex</td><td>0</td></tr><tr><td>PostalCode</td><td>632007</td></tr><tr><td>LastName</td><td>N</td></tr><tr><td>ErrorMessage</td><td></td></tr><tr><td>Password</td><td>secret_sauce</td></tr></table></div>]]>
            </line>
            <line>
              <![CDATA[<div style='margin:5px 0; padding:5px; background-color:#28a74520; border-left:3px solid #28a745;'><b>Status: <span style='color:#28a745;'>PASSED</span></b> | Duration: 2837 ms</div>]]>
            </line>
          </reporter-output>
        </test-method> <!-- testCheckoutFunctionality -->
        <test-method is-config="true" signature="logoutAfterTest(org.testng.ITestResult)[pri:0, instance:com.saucedemo.automation.tests.CheckoutTests@710636b0]" started-at="2026-06-24T12:04:26 IST" name="logoutAfterTest" finished-at="2026-06-24T12:04:37 IST" duration-ms="10931" status="PASS">
          <params>
            <param index="0">
              <value>
                <![CDATA[[TestResult name=testCheckoutFunctionality status=SUCCESS method=CheckoutTests.testCheckoutFunctionality(java.util.Map)[pri:0, instance:com.saucedemo.automation.tests.CheckoutTests@710636b0] output=<div style='margin:5px 0; padding:5px; background-color:#f0f8ff; border-left:3px solid #1e90ff;'><b>Test Data:</b><br/><table border='1' cellpadding='3' cellspacing='0' style='border-collapse:collapse; font-size:13px;'><tr style='background-color:#1e90ff; color:white;'><th>Field</th><th>Value</th></tr><tr><td>ExpectedResult</td><td>SUCCESS</td></tr><tr><td>Description</td><td>Complete checkout with valid data</td></tr><tr><td>TestCase</td><td>TC1</td></tr><tr><td>Username</td><td>standard_user</td></tr><tr><td>FirstName</td><td>Mugunthan</td></tr><tr><td>ProductIndex</td><td>0</td></tr><tr><td>PostalCode</td><td>632007</td></tr><tr><td>LastName</td><td>N</td></tr><tr><td>ErrorMessage</td><td></td></tr><tr><td>Password</td><td>secret_sauce</td></tr></table></div>]]]>
              </value>
            </param>
          </params>
          <reporter-output>
          </reporter-output>
        </test-method> <!-- logoutAfterTest -->
        <test-method is-config="true" signature="loginAndSetupCart([Ljava.lang.Object;)[pri:0, instance:com.saucedemo.automation.tests.CheckoutTests@710636b0]" started-at="2026-06-24T12:04:37 IST" name="loginAndSetupCart" finished-at="2026-06-24T12:04:42 IST" duration-ms="5048" status="PASS">
          <params>
            <param index="0">
              <value>
                <![CDATA[[Ljava.lang.Object;@6fc7e828]]>
              </value>
            </param>
          </params>
          <reporter-output>
          </reporter-output>
        </test-method> <!-- loginAndSetupCart -->
        <test-method signature="testCheckoutFunctionality(java.util.Map)[pri:0, instance:com.saucedemo.automation.tests.CheckoutTests@710636b0]" started-at="2026-06-24T12:04:42 IST" name="testCheckoutFunctionality" description="Data-driven checkout test from Excel" data-provider="checkoutDataProvider" finished-at="2026-06-24T12:04:44 IST" duration-ms="1735" status="PASS">
          <params>
            <param index="0">
              <value>
                <![CDATA[{ExpectedResult=FAILURE, Description=Checkout without first name, TestCase=TC2, Username=standard_user, FirstName=, ProductIndex=0, PostalCode=632007, LastName=N, ErrorMessage=Error: First Name is required, Password=secret_sauce}]]>
              </value>
            </param>
          </params>
          <reporter-output>
            <line>
              <![CDATA[<div style='margin:5px 0; padding:5px; background-color:#f0f8ff; border-left:3px solid #1e90ff;'><b>Test Data:</b><br/><table border='1' cellpadding='3' cellspacing='0' style='border-collapse:collapse; font-size:13px;'><tr style='background-color:#1e90ff; color:white;'><th>Field</th><th>Value</th></tr><tr><td>ExpectedResult</td><td>FAILURE</td></tr><tr><td>Description</td><td>Checkout without first name</td></tr><tr><td>TestCase</td><td>TC2</td></tr><tr><td>Username</td><td>standard_user</td></tr><tr><td>FirstName</td><td></td></tr><tr><td>ProductIndex</td><td>0</td></tr><tr><td>PostalCode</td><td>632007</td></tr><tr><td>LastName</td><td>N</td></tr><tr><td>ErrorMessage</td><td>Error: First Name is required</td></tr><tr><td>Password</td><td>secret_sauce</td></tr></table></div>]]>
            </line>
            <line>
              <![CDATA[<div style='margin:5px 0; padding:5px; background-color:#28a74520; border-left:3px solid #28a745;'><b>Status: <span style='color:#28a745;'>PASSED</span></b> | Duration: 1735 ms</div>]]>
            </line>
          </reporter-output>
        </test-method> <!-- testCheckoutFunctionality -->
        <test-method is-config="true" signature="logoutAfterTest(org.testng.ITestResult)[pri:0, instance:com.saucedemo.automation.tests.CheckoutTests@710636b0]" started-at="2026-06-24T12:04:44 IST" name="logoutAfterTest" finished-at="2026-06-24T12:04:55 IST" duration-ms="10950" status="PASS">
          <params>
            <param index="0">
              <value>
                <![CDATA[[TestResult name=testCheckoutFunctionality status=SUCCESS method=CheckoutTests.testCheckoutFunctionality(java.util.Map)[pri:0, instance:com.saucedemo.automation.tests.CheckoutTests@710636b0] output=<div style='margin:5px 0; padding:5px; background-color:#f0f8ff; border-left:3px solid #1e90ff;'><b>Test Data:</b><br/><table border='1' cellpadding='3' cellspacing='0' style='border-collapse:collapse; font-size:13px;'><tr style='background-color:#1e90ff; color:white;'><th>Field</th><th>Value</th></tr><tr><td>ExpectedResult</td><td>FAILURE</td></tr><tr><td>Description</td><td>Checkout without first name</td></tr><tr><td>TestCase</td><td>TC2</td></tr><tr><td>Username</td><td>standard_user</td></tr><tr><td>FirstName</td><td></td></tr><tr><td>ProductIndex</td><td>0</td></tr><tr><td>PostalCode</td><td>632007</td></tr><tr><td>LastName</td><td>N</td></tr><tr><td>ErrorMessage</td><td>Error: First Name is required</td></tr><tr><td>Password</td><td>secret_sauce</td></tr></table></div>]]]>
              </value>
            </param>
          </params>
          <reporter-output>
          </reporter-output>
        </test-method> <!-- logoutAfterTest -->
        <test-method is-config="true" signature="loginAndSetupCart([Ljava.lang.Object;)[pri:0, instance:com.saucedemo.automation.tests.CheckoutTests@710636b0]" started-at="2026-06-24T12:04:55 IST" name="loginAndSetupCart" finished-at="2026-06-24T12:04:56 IST" duration-ms="1594" status="PASS">
          <params>
            <param index="0">
              <value>
                <![CDATA[[Ljava.lang.Object;@26a9c6df]]>
              </value>
            </param>
          </params>
          <reporter-output>
          </reporter-output>
        </test-method> <!-- loginAndSetupCart -->
        <test-method signature="testCheckoutFunctionality(java.util.Map)[pri:0, instance:com.saucedemo.automation.tests.CheckoutTests@710636b0]" started-at="2026-06-24T12:04:56 IST" name="testCheckoutFunctionality" description="Data-driven checkout test from Excel" data-provider="checkoutDataProvider" finished-at="2026-06-24T12:04:58 IST" duration-ms="1617" status="PASS">
          <params>
            <param index="0">
              <value>
                <![CDATA[{ExpectedResult=FAILURE, Description=Checkout without last name, TestCase=TC3, Username=standard_user, FirstName=Mugunthan, ProductIndex=0, PostalCode=632007, LastName=, ErrorMessage=Error: Last Name is required, Password=secret_sauce}]]>
              </value>
            </param>
          </params>
          <reporter-output>
            <line>
              <![CDATA[<div style='margin:5px 0; padding:5px; background-color:#f0f8ff; border-left:3px solid #1e90ff;'><b>Test Data:</b><br/><table border='1' cellpadding='3' cellspacing='0' style='border-collapse:collapse; font-size:13px;'><tr style='background-color:#1e90ff; color:white;'><th>Field</th><th>Value</th></tr><tr><td>ExpectedResult</td><td>FAILURE</td></tr><tr><td>Description</td><td>Checkout without last name</td></tr><tr><td>TestCase</td><td>TC3</td></tr><tr><td>Username</td><td>standard_user</td></tr><tr><td>FirstName</td><td>Mugunthan</td></tr><tr><td>ProductIndex</td><td>0</td></tr><tr><td>PostalCode</td><td>632007</td></tr><tr><td>LastName</td><td></td></tr><tr><td>ErrorMessage</td><td>Error: Last Name is required</td></tr><tr><td>Password</td><td>secret_sauce</td></tr></table></div>]]>
            </line>
            <line>
              <![CDATA[<div style='margin:5px 0; padding:5px; background-color:#28a74520; border-left:3px solid #28a745;'><b>Status: <span style='color:#28a745;'>PASSED</span></b> | Duration: 1617 ms</div>]]>
            </line>
          </reporter-output>
        </test-method> <!-- testCheckoutFunctionality -->
        <test-method is-config="true" signature="logoutAfterTest(org.testng.ITestResult)[pri:0, instance:com.saucedemo.automation.tests.CheckoutTests@710636b0]" started-at="2026-06-24T12:04:58 IST" name="logoutAfterTest" finished-at="2026-06-24T12:05:08 IST" duration-ms="10706" status="PASS">
          <params>
            <param index="0">
              <value>
                <![CDATA[[TestResult name=testCheckoutFunctionality status=SUCCESS method=CheckoutTests.testCheckoutFunctionality(java.util.Map)[pri:0, instance:com.saucedemo.automation.tests.CheckoutTests@710636b0] output=<div style='margin:5px 0; padding:5px; background-color:#f0f8ff; border-left:3px solid #1e90ff;'><b>Test Data:</b><br/><table border='1' cellpadding='3' cellspacing='0' style='border-collapse:collapse; font-size:13px;'><tr style='background-color:#1e90ff; color:white;'><th>Field</th><th>Value</th></tr><tr><td>ExpectedResult</td><td>FAILURE</td></tr><tr><td>Description</td><td>Checkout without last name</td></tr><tr><td>TestCase</td><td>TC3</td></tr><tr><td>Username</td><td>standard_user</td></tr><tr><td>FirstName</td><td>Mugunthan</td></tr><tr><td>ProductIndex</td><td>0</td></tr><tr><td>PostalCode</td><td>632007</td></tr><tr><td>LastName</td><td></td></tr><tr><td>ErrorMessage</td><td>Error: Last Name is required</td></tr><tr><td>Password</td><td>secret_sauce</td></tr></table></div>]]]>
              </value>
            </param>
          </params>
          <reporter-output>
          </reporter-output>
        </test-method> <!-- logoutAfterTest -->
        <test-method is-config="true" signature="loginAndSetupCart([Ljava.lang.Object;)[pri:0, instance:com.saucedemo.automation.tests.CheckoutTests@710636b0]" started-at="2026-06-24T12:05:08 IST" name="loginAndSetupCart" finished-at="2026-06-24T12:05:10 IST" duration-ms="1602" status="PASS">
          <params>
            <param index="0">
              <value>
                <![CDATA[[Ljava.lang.Object;@2ce24a1a]]>
              </value>
            </param>
          </params>
          <reporter-output>
          </reporter-output>
        </test-method> <!-- loginAndSetupCart -->
        <test-method signature="testCheckoutFunctionality(java.util.Map)[pri:0, instance:com.saucedemo.automation.tests.CheckoutTests@710636b0]" started-at="2026-06-24T12:05:10 IST" name="testCheckoutFunctionality" description="Data-driven checkout test from Excel" data-provider="checkoutDataProvider" finished-at="2026-06-24T12:05:12 IST" duration-ms="1669" status="PASS">
          <params>
            <param index="0">
              <value>
                <![CDATA[{ExpectedResult=FAILURE, Description=Checkout without postal code, TestCase=TC4, Username=standard_user, FirstName=Mugunthan, ProductIndex=0, PostalCode=, LastName=Doe, ErrorMessage=Error: Postal Code is required, Password=secret_sauce}]]>
              </value>
            </param>
          </params>
          <reporter-output>
            <line>
              <![CDATA[<div style='margin:5px 0; padding:5px; background-color:#f0f8ff; border-left:3px solid #1e90ff;'><b>Test Data:</b><br/><table border='1' cellpadding='3' cellspacing='0' style='border-collapse:collapse; font-size:13px;'><tr style='background-color:#1e90ff; color:white;'><th>Field</th><th>Value</th></tr><tr><td>ExpectedResult</td><td>FAILURE</td></tr><tr><td>Description</td><td>Checkout without postal code</td></tr><tr><td>TestCase</td><td>TC4</td></tr><tr><td>Username</td><td>standard_user</td></tr><tr><td>FirstName</td><td>Mugunthan</td></tr><tr><td>ProductIndex</td><td>0</td></tr><tr><td>PostalCode</td><td></td></tr><tr><td>LastName</td><td>Doe</td></tr><tr><td>ErrorMessage</td><td>Error: Postal Code is required</td></tr><tr><td>Password</td><td>secret_sauce</td></tr></table></div>]]>
            </line>
            <line>
              <![CDATA[<div style='margin:5px 0; padding:5px; background-color:#28a74520; border-left:3px solid #28a745;'><b>Status: <span style='color:#28a745;'>PASSED</span></b> | Duration: 1669 ms</div>]]>
            </line>
          </reporter-output>
        </test-method> <!-- testCheckoutFunctionality -->
        <test-method is-config="true" signature="logoutAfterTest(org.testng.ITestResult)[pri:0, instance:com.saucedemo.automation.tests.CheckoutTests@710636b0]" started-at="2026-06-24T12:05:12 IST" name="logoutAfterTest" finished-at="2026-06-24T12:05:22 IST" duration-ms="10731" status="PASS">
          <params>
            <param index="0">
              <value>
                <![CDATA[[TestResult name=testCheckoutFunctionality status=SUCCESS method=CheckoutTests.testCheckoutFunctionality(java.util.Map)[pri:0, instance:com.saucedemo.automation.tests.CheckoutTests@710636b0] output=<div style='margin:5px 0; padding:5px; background-color:#f0f8ff; border-left:3px solid #1e90ff;'><b>Test Data:</b><br/><table border='1' cellpadding='3' cellspacing='0' style='border-collapse:collapse; font-size:13px;'><tr style='background-color:#1e90ff; color:white;'><th>Field</th><th>Value</th></tr><tr><td>ExpectedResult</td><td>FAILURE</td></tr><tr><td>Description</td><td>Checkout without postal code</td></tr><tr><td>TestCase</td><td>TC4</td></tr><tr><td>Username</td><td>standard_user</td></tr><tr><td>FirstName</td><td>Mugunthan</td></tr><tr><td>ProductIndex</td><td>0</td></tr><tr><td>PostalCode</td><td></td></tr><tr><td>LastName</td><td>Doe</td></tr><tr><td>ErrorMessage</td><td>Error: Postal Code is required</td></tr><tr><td>Password</td><td>secret_sauce</td></tr></table></div>]]]>
              </value>
            </param>
          </params>
          <reporter-output>
          </reporter-output>
        </test-method> <!-- logoutAfterTest -->
        <test-method is-config="true" signature="loginAndSetupCart([Ljava.lang.Object;)[pri:0, instance:com.saucedemo.automation.tests.CheckoutTests@710636b0]" started-at="2026-06-24T12:05:22 IST" name="loginAndSetupCart" finished-at="2026-06-24T12:05:24 IST" duration-ms="1394" status="PASS">
          <params>
            <param index="0">
              <value>
                <![CDATA[[Ljava.lang.Object;@26bce60d]]>
              </value>
            </param>
          </params>
          <reporter-output>
          </reporter-output>
        </test-method> <!-- loginAndSetupCart -->
        <test-method signature="testCheckoutFunctionality(java.util.Map)[pri:0, instance:com.saucedemo.automation.tests.CheckoutTests@710636b0]" started-at="2026-06-24T12:05:24 IST" name="testCheckoutFunctionality" description="Data-driven checkout test from Excel" data-provider="checkoutDataProvider" finished-at="2026-06-24T12:05:25 IST" duration-ms="1453" status="PASS">
          <params>
            <param index="0">
              <value>
                <![CDATA[{ExpectedResult=FAILURE, Description=Checkout with all empty fields, TestCase=TC5, Username=standard_user, FirstName=, ProductIndex=0, PostalCode=, LastName=, ErrorMessage=Error: First Name is required, Password=secret_sauce}]]>
              </value>
            </param>
          </params>
          <reporter-output>
            <line>
              <![CDATA[<div style='margin:5px 0; padding:5px; background-color:#f0f8ff; border-left:3px solid #1e90ff;'><b>Test Data:</b><br/><table border='1' cellpadding='3' cellspacing='0' style='border-collapse:collapse; font-size:13px;'><tr style='background-color:#1e90ff; color:white;'><th>Field</th><th>Value</th></tr><tr><td>ExpectedResult</td><td>FAILURE</td></tr><tr><td>Description</td><td>Checkout with all empty fields</td></tr><tr><td>TestCase</td><td>TC5</td></tr><tr><td>Username</td><td>standard_user</td></tr><tr><td>FirstName</td><td></td></tr><tr><td>ProductIndex</td><td>0</td></tr><tr><td>PostalCode</td><td></td></tr><tr><td>LastName</td><td></td></tr><tr><td>ErrorMessage</td><td>Error: First Name is required</td></tr><tr><td>Password</td><td>secret_sauce</td></tr></table></div>]]>
            </line>
            <line>
              <![CDATA[<div style='margin:5px 0; padding:5px; background-color:#28a74520; border-left:3px solid #28a745;'><b>Status: <span style='color:#28a745;'>PASSED</span></b> | Duration: 1453 ms</div>]]>
            </line>
          </reporter-output>
        </test-method> <!-- testCheckoutFunctionality -->
        <test-method is-config="true" signature="logoutAfterTest(org.testng.ITestResult)[pri:0, instance:com.saucedemo.automation.tests.CheckoutTests@710636b0]" started-at="2026-06-24T12:05:25 IST" name="logoutAfterTest" finished-at="2026-06-24T12:05:36 IST" duration-ms="10710" status="PASS">
          <params>
            <param index="0">
              <value>
                <![CDATA[[TestResult name=testCheckoutFunctionality status=SUCCESS method=CheckoutTests.testCheckoutFunctionality(java.util.Map)[pri:0, instance:com.saucedemo.automation.tests.CheckoutTests@710636b0] output=<div style='margin:5px 0; padding:5px; background-color:#f0f8ff; border-left:3px solid #1e90ff;'><b>Test Data:</b><br/><table border='1' cellpadding='3' cellspacing='0' style='border-collapse:collapse; font-size:13px;'><tr style='background-color:#1e90ff; color:white;'><th>Field</th><th>Value</th></tr><tr><td>ExpectedResult</td><td>FAILURE</td></tr><tr><td>Description</td><td>Checkout with all empty fields</td></tr><tr><td>TestCase</td><td>TC5</td></tr><tr><td>Username</td><td>standard_user</td></tr><tr><td>FirstName</td><td></td></tr><tr><td>ProductIndex</td><td>0</td></tr><tr><td>PostalCode</td><td></td></tr><tr><td>LastName</td><td></td></tr><tr><td>ErrorMessage</td><td>Error: First Name is required</td></tr><tr><td>Password</td><td>secret_sauce</td></tr></table></div>]]]>
              </value>
            </param>
          </params>
          <reporter-output>
          </reporter-output>
        </test-method> <!-- logoutAfterTest -->
        <test-method is-config="true" signature="loginAndSetupCart([Ljava.lang.Object;)[pri:0, instance:com.saucedemo.automation.tests.CheckoutTests@710636b0]" started-at="2026-06-24T12:05:36 IST" name="loginAndSetupCart" finished-at="2026-06-24T12:05:38 IST" duration-ms="2003" status="PASS">
          <params>
            <param index="0">
              <value>
                <![CDATA[[Ljava.lang.Object;@76eadc5a]]>
              </value>
            </param>
          </params>
          <reporter-output>
          </reporter-output>
        </test-method> <!-- loginAndSetupCart -->
        <test-method signature="testCheckoutFunctionality(java.util.Map)[pri:0, instance:com.saucedemo.automation.tests.CheckoutTests@710636b0]" started-at="2026-06-24T12:05:38 IST" name="testCheckoutFunctionality" description="Data-driven checkout test from Excel" data-provider="checkoutDataProvider" finished-at="2026-06-24T12:05:40 IST" duration-ms="1695" status="PASS">
          <params>
            <param index="0">
              <value>
                <![CDATA[{ExpectedResult=SUCCESS, Description=Checkout with multiple items, TestCase=TC6, Username=standard_user, FirstName=Abraham Benjamin, ProductIndex=0,1, PostalCode=632007, LastName=Devillers, ErrorMessage=, Password=secret_sauce}]]>
              </value>
            </param>
          </params>
          <reporter-output>
            <line>
              <![CDATA[<div style='margin:5px 0; padding:5px; background-color:#f0f8ff; border-left:3px solid #1e90ff;'><b>Test Data:</b><br/><table border='1' cellpadding='3' cellspacing='0' style='border-collapse:collapse; font-size:13px;'><tr style='background-color:#1e90ff; color:white;'><th>Field</th><th>Value</th></tr><tr><td>ExpectedResult</td><td>SUCCESS</td></tr><tr><td>Description</td><td>Checkout with multiple items</td></tr><tr><td>TestCase</td><td>TC6</td></tr><tr><td>Username</td><td>standard_user</td></tr><tr><td>FirstName</td><td>Abraham Benjamin</td></tr><tr><td>ProductIndex</td><td>0,1</td></tr><tr><td>PostalCode</td><td>632007</td></tr><tr><td>LastName</td><td>Devillers</td></tr><tr><td>ErrorMessage</td><td></td></tr><tr><td>Password</td><td>secret_sauce</td></tr></table></div>]]>
            </line>
            <line>
              <![CDATA[<div style='margin:5px 0; padding:5px; background-color:#28a74520; border-left:3px solid #28a745;'><b>Status: <span style='color:#28a745;'>PASSED</span></b> | Duration: 1695 ms</div>]]>
            </line>
          </reporter-output>
        </test-method> <!-- testCheckoutFunctionality -->
        <test-method is-config="true" signature="logoutAfterTest(org.testng.ITestResult)[pri:0, instance:com.saucedemo.automation.tests.CheckoutTests@710636b0]" started-at="2026-06-24T12:05:40 IST" name="logoutAfterTest" finished-at="2026-06-24T12:05:50 IST" duration-ms="10702" status="PASS">
          <params>
            <param index="0">
              <value>
                <![CDATA[[TestResult name=testCheckoutFunctionality status=SUCCESS method=CheckoutTests.testCheckoutFunctionality(java.util.Map)[pri:0, instance:com.saucedemo.automation.tests.CheckoutTests@710636b0] output=<div style='margin:5px 0; padding:5px; background-color:#f0f8ff; border-left:3px solid #1e90ff;'><b>Test Data:</b><br/><table border='1' cellpadding='3' cellspacing='0' style='border-collapse:collapse; font-size:13px;'><tr style='background-color:#1e90ff; color:white;'><th>Field</th><th>Value</th></tr><tr><td>ExpectedResult</td><td>SUCCESS</td></tr><tr><td>Description</td><td>Checkout with multiple items</td></tr><tr><td>TestCase</td><td>TC6</td></tr><tr><td>Username</td><td>standard_user</td></tr><tr><td>FirstName</td><td>Abraham Benjamin</td></tr><tr><td>ProductIndex</td><td>0,1</td></tr><tr><td>PostalCode</td><td>632007</td></tr><tr><td>LastName</td><td>Devillers</td></tr><tr><td>ErrorMessage</td><td></td></tr><tr><td>Password</td><td>secret_sauce</td></tr></table></div>]]]>
              </value>
            </param>
          </params>
          <reporter-output>
          </reporter-output>
        </test-method> <!-- logoutAfterTest -->
        <test-method is-config="true" signature="loginAndSetupCart([Ljava.lang.Object;)[pri:0, instance:com.saucedemo.automation.tests.CheckoutTests@710636b0]" started-at="2026-06-24T12:05:50 IST" name="loginAndSetupCart" finished-at="2026-06-24T12:05:52 IST" duration-ms="1314" status="PASS">
          <params>
            <param index="0">
              <value>
                <![CDATA[[Ljava.lang.Object;@1e9d7366]]>
              </value>
            </param>
          </params>
          <reporter-output>
          </reporter-output>
        </test-method> <!-- loginAndSetupCart -->
        <test-method signature="testCheckoutFunctionality(java.util.Map)[pri:0, instance:com.saucedemo.automation.tests.CheckoutTests@710636b0]" started-at="2026-06-24T12:05:52 IST" name="testCheckoutFunctionality" description="Data-driven checkout test from Excel" data-provider="checkoutDataProvider" finished-at="2026-06-24T12:05:53 IST" duration-ms="1700" status="PASS">
          <params>
            <param index="0">
              <value>
                <![CDATA[{ExpectedResult=SUCCESS, Description=Checkout with numeric postal code, TestCase=TC7, Username=standard_user, FirstName=Virat, ProductIndex=0, PostalCode=632007, LastName=Kohli, ErrorMessage=, Password=secret_sauce}]]>
              </value>
            </param>
          </params>
          <reporter-output>
            <line>
              <![CDATA[<div style='margin:5px 0; padding:5px; background-color:#f0f8ff; border-left:3px solid #1e90ff;'><b>Test Data:</b><br/><table border='1' cellpadding='3' cellspacing='0' style='border-collapse:collapse; font-size:13px;'><tr style='background-color:#1e90ff; color:white;'><th>Field</th><th>Value</th></tr><tr><td>ExpectedResult</td><td>SUCCESS</td></tr><tr><td>Description</td><td>Checkout with numeric postal code</td></tr><tr><td>TestCase</td><td>TC7</td></tr><tr><td>Username</td><td>standard_user</td></tr><tr><td>FirstName</td><td>Virat</td></tr><tr><td>ProductIndex</td><td>0</td></tr><tr><td>PostalCode</td><td>632007</td></tr><tr><td>LastName</td><td>Kohli</td></tr><tr><td>ErrorMessage</td><td></td></tr><tr><td>Password</td><td>secret_sauce</td></tr></table></div>]]>
            </line>
            <line>
              <![CDATA[<div style='margin:5px 0; padding:5px; background-color:#28a74520; border-left:3px solid #28a745;'><b>Status: <span style='color:#28a745;'>PASSED</span></b> | Duration: 1700 ms</div>]]>
            </line>
          </reporter-output>
        </test-method> <!-- testCheckoutFunctionality -->
        <test-method is-config="true" signature="logoutAfterTest(org.testng.ITestResult)[pri:0, instance:com.saucedemo.automation.tests.CheckoutTests@710636b0]" started-at="2026-06-24T12:05:53 IST" name="logoutAfterTest" finished-at="2026-06-24T12:06:04 IST" duration-ms="10711" status="PASS">
          <params>
            <param index="0">
              <value>
                <![CDATA[[TestResult name=testCheckoutFunctionality status=SUCCESS method=CheckoutTests.testCheckoutFunctionality(java.util.Map)[pri:0, instance:com.saucedemo.automation.tests.CheckoutTests@710636b0] output=<div style='margin:5px 0; padding:5px; background-color:#f0f8ff; border-left:3px solid #1e90ff;'><b>Test Data:</b><br/><table border='1' cellpadding='3' cellspacing='0' style='border-collapse:collapse; font-size:13px;'><tr style='background-color:#1e90ff; color:white;'><th>Field</th><th>Value</th></tr><tr><td>ExpectedResult</td><td>SUCCESS</td></tr><tr><td>Description</td><td>Checkout with numeric postal code</td></tr><tr><td>TestCase</td><td>TC7</td></tr><tr><td>Username</td><td>standard_user</td></tr><tr><td>FirstName</td><td>Virat</td></tr><tr><td>ProductIndex</td><td>0</td></tr><tr><td>PostalCode</td><td>632007</td></tr><tr><td>LastName</td><td>Kohli</td></tr><tr><td>ErrorMessage</td><td></td></tr><tr><td>Password</td><td>secret_sauce</td></tr></table></div>]]]>
              </value>
            </param>
          </params>
          <reporter-output>
          </reporter-output>
        </test-method> <!-- logoutAfterTest -->
        <test-method is-config="true" signature="loginAndSetupCart([Ljava.lang.Object;)[pri:0, instance:com.saucedemo.automation.tests.CheckoutTests@710636b0]" started-at="2026-06-24T12:06:04 IST" name="loginAndSetupCart" finished-at="2026-06-24T12:06:05 IST" duration-ms="1375" status="PASS">
          <params>
            <param index="0">
              <value>
                <![CDATA[[Ljava.lang.Object;@20914835]]>
              </value>
            </param>
          </params>
          <reporter-output>
          </reporter-output>
        </test-method> <!-- loginAndSetupCart -->
        <test-method signature="testCheckoutFunctionality(java.util.Map)[pri:0, instance:com.saucedemo.automation.tests.CheckoutTests@710636b0]" started-at="2026-06-24T12:06:05 IST" name="testCheckoutFunctionality" description="Data-driven checkout test from Excel" data-provider="checkoutDataProvider" finished-at="2026-06-24T12:06:07 IST" duration-ms="1620" status="PASS">
          <params>
            <param index="0">
              <value>
                <![CDATA[{ExpectedResult=SUCCESS, Description=Checkout with alphanumeric postal code, TestCase=TC8, Username=standard_user, FirstName=Chris, ProductIndex=0, PostalCode=VLR007, LastName=Gayle, ErrorMessage=, Password=secret_sauce}]]>
              </value>
            </param>
          </params>
          <reporter-output>
            <line>
              <![CDATA[<div style='margin:5px 0; padding:5px; background-color:#f0f8ff; border-left:3px solid #1e90ff;'><b>Test Data:</b><br/><table border='1' cellpadding='3' cellspacing='0' style='border-collapse:collapse; font-size:13px;'><tr style='background-color:#1e90ff; color:white;'><th>Field</th><th>Value</th></tr><tr><td>ExpectedResult</td><td>SUCCESS</td></tr><tr><td>Description</td><td>Checkout with alphanumeric postal code</td></tr><tr><td>TestCase</td><td>TC8</td></tr><tr><td>Username</td><td>standard_user</td></tr><tr><td>FirstName</td><td>Chris</td></tr><tr><td>ProductIndex</td><td>0</td></tr><tr><td>PostalCode</td><td>VLR007</td></tr><tr><td>LastName</td><td>Gayle</td></tr><tr><td>ErrorMessage</td><td></td></tr><tr><td>Password</td><td>secret_sauce</td></tr></table></div>]]>
            </line>
            <line>
              <![CDATA[<div style='margin:5px 0; padding:5px; background-color:#28a74520; border-left:3px solid #28a745;'><b>Status: <span style='color:#28a745;'>PASSED</span></b> | Duration: 1620 ms</div>]]>
            </line>
          </reporter-output>
        </test-method> <!-- testCheckoutFunctionality -->
        <test-method is-config="true" signature="logoutAfterTest(org.testng.ITestResult)[pri:0, instance:com.saucedemo.automation.tests.CheckoutTests@710636b0]" started-at="2026-06-24T12:06:07 IST" name="logoutAfterTest" finished-at="2026-06-24T12:06:18 IST" duration-ms="10701" status="PASS">
          <params>
            <param index="0">
              <value>
                <![CDATA[[TestResult name=testCheckoutFunctionality status=SUCCESS method=CheckoutTests.testCheckoutFunctionality(java.util.Map)[pri:0, instance:com.saucedemo.automation.tests.CheckoutTests@710636b0] output=<div style='margin:5px 0; padding:5px; background-color:#f0f8ff; border-left:3px solid #1e90ff;'><b>Test Data:</b><br/><table border='1' cellpadding='3' cellspacing='0' style='border-collapse:collapse; font-size:13px;'><tr style='background-color:#1e90ff; color:white;'><th>Field</th><th>Value</th></tr><tr><td>ExpectedResult</td><td>SUCCESS</td></tr><tr><td>Description</td><td>Checkout with alphanumeric postal code</td></tr><tr><td>TestCase</td><td>TC8</td></tr><tr><td>Username</td><td>standard_user</td></tr><tr><td>FirstName</td><td>Chris</td></tr><tr><td>ProductIndex</td><td>0</td></tr><tr><td>PostalCode</td><td>VLR007</td></tr><tr><td>LastName</td><td>Gayle</td></tr><tr><td>ErrorMessage</td><td></td></tr><tr><td>Password</td><td>secret_sauce</td></tr></table></div>]]]>
              </value>
            </param>
          </params>
          <reporter-output>
          </reporter-output>
        </test-method> <!-- logoutAfterTest -->
        <test-method is-config="true" signature="tearDown()[pri:0, instance:com.saucedemo.automation.tests.CheckoutTests@710636b0]" started-at="2026-06-24T12:06:18 IST" name="tearDown" finished-at="2026-06-24T12:06:18 IST" duration-ms="257" status="PASS">
          <reporter-output>
          </reporter-output>
        </test-method> <!-- tearDown -->
      </class> <!-- com.saucedemo.automation.tests.CheckoutTests -->
    </test> <!-- Checkout_AllTests -->
  </suite> <!-- SauceDemo Automation Suite -->
</testng-results>
